c:\users\nicholas\desktop\mphil project\multifocalstereodisplay\output\obj\debug\vc140.pdb
c:\users\nicholas\desktop\mphil project\multifocalstereodisplay\output\obj\debug\vc140.idb
c:\users\nicholas\desktop\mphil project\multifocalstereodisplay\output\obj\debug\rscamera.obj
c:\users\nicholas\desktop\mphil project\multifocalstereodisplay\output\obj\debug\rsframebufferobjects.obj
c:\users\nicholas\desktop\mphil project\multifocalstereodisplay\output\obj\debug\rsmesh.obj
c:\users\nicholas\desktop\mphil project\multifocalstereodisplay\output\obj\debug\rsscreenlayout.obj
c:\users\nicholas\desktop\mphil project\multifocalstereodisplay\output\obj\debug\rstexture.obj
c:\users\nicholas\desktop\mphil project\multifocalstereodisplay\output\obj\debug\main.obj
c:\users\nicholas\desktop\mphil project\multifocalstereodisplay\output\obj\debug\rsshader.obj
c:\users\nicholas\desktop\mphil project\multifocalstereodisplay\output\obj\debug\renderscene.obj
c:\users\nicholas\desktop\mphil project\multifocalstereodisplay\output\obj\debug\multifoc.ebebcc84.tlog\cl.command.1.tlog
c:\users\nicholas\desktop\mphil project\multifocalstereodisplay\output\obj\debug\multifoc.ebebcc84.tlog\cl.read.1.tlog
c:\users\nicholas\desktop\mphil project\multifocalstereodisplay\output\obj\debug\multifoc.ebebcc84.tlog\cl.write.1.tlog
c:\users\nicholas\desktop\mphil project\multifocalstereodisplay\output\obj\debug\multifoc.ebebcc84.tlog\link-cvtres.read.1.tlog
c:\users\nicholas\desktop\mphil project\multifocalstereodisplay\output\obj\debug\multifoc.ebebcc84.tlog\link-cvtres.write.1.tlog
c:\users\nicholas\desktop\mphil project\multifocalstereodisplay\output\obj\debug\multifoc.ebebcc84.tlog\link-rc.read.1.tlog
c:\users\nicholas\desktop\mphil project\multifocalstereodisplay\output\obj\debug\multifoc.ebebcc84.tlog\link-rc.write.1.tlog
c:\users\nicholas\desktop\mphil project\multifocalstereodisplay\output\obj\debug\multifoc.ebebcc84.tlog\link.command.1.tlog
c:\users\nicholas\desktop\mphil project\multifocalstereodisplay\output\obj\debug\multifoc.ebebcc84.tlog\link.read.1.tlog
c:\users\nicholas\desktop\mphil project\multifocalstereodisplay\output\obj\debug\multifoc.ebebcc84.tlog\link.write.1.tlog
