Build started 24/03/2016 17:32:09.
     1>Project "C:\Users\Nicholas\Desktop\MPhil Project\MultiFocalStereoDisplay\WindowsBuild\MultiFocalDisplay.vcxproj" on node 2 (Build target(s)).
     1>ClCompile:
         C:\Program Files (x86)\Microsoft Visual Studio 14.0\VC\bin\CL.exe /c /I"..\lib\assimp-3.1.1\include" /I"..\lib\glfw-3.1.2\include" /I..\include /I"..\lib\glfw-3.1.2\deps" /Zi /nologo /W4 /WX- /Ox /Oi /Oy- /D NDEBUG /D _MBCS /GF /Gm- /EHsc /MD /GS /Gy /fp:precise /Zc:wchar_t /Zc:forScope /Zc:inline /Fo"..\output\obj\Release\\" /Fd"..\output\obj\Release\vc140.pdb" /Gd /TP /analyze- /errorReport:prompt -std=c++11 -ggdb -pthread ..\src\RSCamera.cpp ..\src\RSFrameBufferObjects.cpp ..\src\RSMesh.cpp ..\src\RSScreenLayout.cpp ..\src\RSShader.cpp ..\src\RSTexture.cpp ..\src\RenderScene.cpp ..\src\main.cpp
     1>cl : Command line warning D9002: ignoring unknown option '-std=c++11'
     1>cl : Command line warning D9002: ignoring unknown option '-ggdb'
     1>cl : Command line warning D9002: ignoring unknown option '-pthread'
         RSCamera.cpp
     1>c:\users\nicholas\desktop\mphil project\multifocalstereodisplay\include\glm\detail\type_vec4.hpp(120): warning C4201: nonstandard extension used: nameless struct/union
         c:\users\nicholas\desktop\mphil project\multifocalstereodisplay\include\glm\detail\type_vec4.hpp(350): note: see reference to class template instantiation 'glm::tvec4<T,P>' being compiled
     1>c:\users\nicholas\desktop\mphil project\multifocalstereodisplay\include\glm\detail\type_vec4.hpp(121): warning C4201: nonstandard extension used: nameless struct/union
     1>c:\users\nicholas\desktop\mphil project\multifocalstereodisplay\include\glm\detail\type_vec4.hpp(122): warning C4201: nonstandard extension used: nameless struct/union
     1>c:\users\nicholas\desktop\mphil project\multifocalstereodisplay\include\glm\detail/type_vec2.hpp(66): warning C4201: nonstandard extension used: nameless struct/union
         c:\users\nicholas\desktop\mphil project\multifocalstereodisplay\include\glm\detail/type_vec2.hpp(229): note: see reference to class template instantiation 'glm::tvec2<T,P>' being compiled
     1>c:\users\nicholas\desktop\mphil project\multifocalstereodisplay\include\glm\detail/type_vec2.hpp(67): warning C4201: nonstandard extension used: nameless struct/union
     1>c:\users\nicholas\desktop\mphil project\multifocalstereodisplay\include\glm\detail/type_vec2.hpp(68): warning C4201: nonstandard extension used: nameless struct/union
     1>c:\users\nicholas\desktop\mphil project\multifocalstereodisplay\include\glm\detail/type_vec3.hpp(66): warning C4201: nonstandard extension used: nameless struct/union
         c:\users\nicholas\desktop\mphil project\multifocalstereodisplay\include\glm\detail/type_vec3.hpp(251): note: see reference to class template instantiation 'glm::tvec3<T,P>' being compiled
     1>c:\users\nicholas\desktop\mphil project\multifocalstereodisplay\include\glm\detail/type_vec3.hpp(67): warning C4201: nonstandard extension used: nameless struct/union
     1>c:\users\nicholas\desktop\mphil project\multifocalstereodisplay\include\glm\detail/type_vec3.hpp(68): warning C4201: nonstandard extension used: nameless struct/union
     1>c:\users\nicholas\desktop\mphil project\multifocalstereodisplay\src\RenderScene.h(93): warning C4245: 'initializing': conversion from 'int' to 'GLuint', signed/unsigned mismatch
     1>c:\users\nicholas\desktop\mphil project\multifocalstereodisplay\src\RenderScene.h(108): warning C4245: 'initializing': conversion from 'int' to 'GLuint', signed/unsigned mismatch
     1>c:\users\nicholas\desktop\mphil project\multifocalstereodisplay\src\RenderScene.h(124): warning C4245: 'initializing': conversion from 'int' to 'GLuint', signed/unsigned mismatch
     1>c:\users\nicholas\desktop\mphil project\multifocalstereodisplay\include\gl\freeglut_std.h(637): warning C4505: 'glutInit_ATEXIT_HACK': unreferenced local function has been removed
     1>c:\users\nicholas\desktop\mphil project\multifocalstereodisplay\include\gl\freeglut_std.h(639): warning C4505: 'glutCreateWindow_ATEXIT_HACK': unreferenced local function has been removed
     1>c:\users\nicholas\desktop\mphil project\multifocalstereodisplay\include\gl\freeglut_std.h(641): warning C4505: 'glutCreateMenu_ATEXIT_HACK': unreferenced local function has been removed
         RSFrameBufferObjects.cpp
     1>c:\users\nicholas\desktop\mphil project\multifocalstereodisplay\include\glm\detail\type_vec4.hpp(120): warning C4201: nonstandard extension used: nameless struct/union
         c:\users\nicholas\desktop\mphil project\multifocalstereodisplay\include\glm\detail\type_vec4.hpp(350): note: see reference to class template instantiation 'glm::tvec4<T,P>' being compiled
     1>c:\users\nicholas\desktop\mphil project\multifocalstereodisplay\include\glm\detail\type_vec4.hpp(121): warning C4201: nonstandard extension used: nameless struct/union
     1>c:\users\nicholas\desktop\mphil project\multifocalstereodisplay\include\glm\detail\type_vec4.hpp(122): warning C4201: nonstandard extension used: nameless struct/union
     1>c:\users\nicholas\desktop\mphil project\multifocalstereodisplay\include\glm\detail/type_vec2.hpp(66): warning C4201: nonstandard extension used: nameless struct/union
         c:\users\nicholas\desktop\mphil project\multifocalstereodisplay\include\glm\detail/type_vec2.hpp(229): note: see reference to class template instantiation 'glm::tvec2<T,P>' being compiled
     1>c:\users\nicholas\desktop\mphil project\multifocalstereodisplay\include\glm\detail/type_vec2.hpp(67): warning C4201: nonstandard extension used: nameless struct/union
     1>c:\users\nicholas\desktop\mphil project\multifocalstereodisplay\include\glm\detail/type_vec2.hpp(68): warning C4201: nonstandard extension used: nameless struct/union
     1>c:\users\nicholas\desktop\mphil project\multifocalstereodisplay\include\glm\detail/type_vec3.hpp(66): warning C4201: nonstandard extension used: nameless struct/union
         c:\users\nicholas\desktop\mphil project\multifocalstereodisplay\include\glm\detail/type_vec3.hpp(251): note: see reference to class template instantiation 'glm::tvec3<T,P>' being compiled
     1>c:\users\nicholas\desktop\mphil project\multifocalstereodisplay\include\glm\detail/type_vec3.hpp(67): warning C4201: nonstandard extension used: nameless struct/union
     1>c:\users\nicholas\desktop\mphil project\multifocalstereodisplay\include\glm\detail/type_vec3.hpp(68): warning C4201: nonstandard extension used: nameless struct/union
     1>c:\users\nicholas\desktop\mphil project\multifocalstereodisplay\src\RenderScene.h(93): warning C4245: 'initializing': conversion from 'int' to 'GLuint', signed/unsigned mismatch
     1>c:\users\nicholas\desktop\mphil project\multifocalstereodisplay\src\RenderScene.h(108): warning C4245: 'initializing': conversion from 'int' to 'GLuint', signed/unsigned mismatch
     1>c:\users\nicholas\desktop\mphil project\multifocalstereodisplay\src\RenderScene.h(124): warning C4245: 'initializing': conversion from 'int' to 'GLuint', signed/unsigned mismatch
     1>c:\users\nicholas\desktop\mphil project\multifocalstereodisplay\include\gl\freeglut_std.h(637): warning C4505: 'glutInit_ATEXIT_HACK': unreferenced local function has been removed
     1>c:\users\nicholas\desktop\mphil project\multifocalstereodisplay\include\gl\freeglut_std.h(639): warning C4505: 'glutCreateWindow_ATEXIT_HACK': unreferenced local function has been removed
     1>c:\users\nicholas\desktop\mphil project\multifocalstereodisplay\include\gl\freeglut_std.h(641): warning C4505: 'glutCreateMenu_ATEXIT_HACK': unreferenced local function has been removed
         RSMesh.cpp
     1>c:\users\nicholas\desktop\mphil project\multifocalstereodisplay\include\glm\detail\type_vec4.hpp(120): warning C4201: nonstandard extension used: nameless struct/union
         c:\users\nicholas\desktop\mphil project\multifocalstereodisplay\include\glm\detail\type_vec4.hpp(350): note: see reference to class template instantiation 'glm::tvec4<T,P>' being compiled
     1>c:\users\nicholas\desktop\mphil project\multifocalstereodisplay\include\glm\detail\type_vec4.hpp(121): warning C4201: nonstandard extension used: nameless struct/union
     1>c:\users\nicholas\desktop\mphil project\multifocalstereodisplay\include\glm\detail\type_vec4.hpp(122): warning C4201: nonstandard extension used: nameless struct/union
     1>c:\users\nicholas\desktop\mphil project\multifocalstereodisplay\include\glm\detail/type_vec2.hpp(66): warning C4201: nonstandard extension used: nameless struct/union
         c:\users\nicholas\desktop\mphil project\multifocalstereodisplay\include\glm\detail/type_vec2.hpp(229): note: see reference to class template instantiation 'glm::tvec2<T,P>' being compiled
     1>c:\users\nicholas\desktop\mphil project\multifocalstereodisplay\include\glm\detail/type_vec2.hpp(67): warning C4201: nonstandard extension used: nameless struct/union
     1>c:\users\nicholas\desktop\mphil project\multifocalstereodisplay\include\glm\detail/type_vec2.hpp(68): warning C4201: nonstandard extension used: nameless struct/union
     1>c:\users\nicholas\desktop\mphil project\multifocalstereodisplay\include\glm\detail/type_vec3.hpp(66): warning C4201: nonstandard extension used: nameless struct/union
         c:\users\nicholas\desktop\mphil project\multifocalstereodisplay\include\glm\detail/type_vec3.hpp(251): note: see reference to class template instantiation 'glm::tvec3<T,P>' being compiled
     1>c:\users\nicholas\desktop\mphil project\multifocalstereodisplay\include\glm\detail/type_vec3.hpp(67): warning C4201: nonstandard extension used: nameless struct/union
     1>c:\users\nicholas\desktop\mphil project\multifocalstereodisplay\include\glm\detail/type_vec3.hpp(68): warning C4201: nonstandard extension used: nameless struct/union
     1>c:\users\nicholas\desktop\mphil project\multifocalstereodisplay\src\RenderScene.h(93): warning C4245: 'initializing': conversion from 'int' to 'GLuint', signed/unsigned mismatch
     1>c:\users\nicholas\desktop\mphil project\multifocalstereodisplay\src\RenderScene.h(108): warning C4245: 'initializing': conversion from 'int' to 'GLuint', signed/unsigned mismatch
     1>c:\users\nicholas\desktop\mphil project\multifocalstereodisplay\src\RenderScene.h(124): warning C4245: 'initializing': conversion from 'int' to 'GLuint', signed/unsigned mismatch
     1>..\src\RSMesh.cpp(138): warning C4458: declaration of 'elementBufferObject' hides class member
         c:\users\nicholas\desktop\mphil project\multifocalstereodisplay\src\RenderScene.h(217): note: see declaration of 'Mesh::elementBufferObject'
     1>..\src\RSMesh.cpp(138): warning C4245: 'initializing': conversion from 'int' to 'GLuint', signed/unsigned mismatch
     1>..\src\RSMesh.cpp(145): warning C4458: declaration of 'vertexBufferObject' hides class member
         c:\users\nicholas\desktop\mphil project\multifocalstereodisplay\src\RenderScene.h(216): note: see declaration of 'Mesh::vertexBufferObject'
     1>..\src\RSMesh.cpp(145): warning C4245: 'initializing': conversion from 'int' to 'GLuint', signed/unsigned mismatch
     1>c:\users\nicholas\desktop\mphil project\multifocalstereodisplay\include\gl\freeglut_std.h(637): warning C4505: 'glutInit_ATEXIT_HACK': unreferenced local function has been removed
     1>c:\users\nicholas\desktop\mphil project\multifocalstereodisplay\include\gl\freeglut_std.h(639): warning C4505: 'glutCreateWindow_ATEXIT_HACK': unreferenced local function has been removed
     1>c:\users\nicholas\desktop\mphil project\multifocalstereodisplay\include\gl\freeglut_std.h(641): warning C4505: 'glutCreateMenu_ATEXIT_HACK': unreferenced local function has been removed
         RSScreenLayout.cpp
     1>c:\users\nicholas\desktop\mphil project\multifocalstereodisplay\include\glm\detail\type_vec4.hpp(120): warning C4201: nonstandard extension used: nameless struct/union
         c:\users\nicholas\desktop\mphil project\multifocalstereodisplay\include\glm\detail\type_vec4.hpp(350): note: see reference to class template instantiation 'glm::tvec4<T,P>' being compiled
     1>c:\users\nicholas\desktop\mphil project\multifocalstereodisplay\include\glm\detail\type_vec4.hpp(121): warning C4201: nonstandard extension used: nameless struct/union
     1>c:\users\nicholas\desktop\mphil project\multifocalstereodisplay\include\glm\detail\type_vec4.hpp(122): warning C4201: nonstandard extension used: nameless struct/union
     1>c:\users\nicholas\desktop\mphil project\multifocalstereodisplay\include\glm\detail/type_vec2.hpp(66): warning C4201: nonstandard extension used: nameless struct/union
         c:\users\nicholas\desktop\mphil project\multifocalstereodisplay\include\glm\detail/type_vec2.hpp(229): note: see reference to class template instantiation 'glm::tvec2<T,P>' being compiled
     1>c:\users\nicholas\desktop\mphil project\multifocalstereodisplay\include\glm\detail/type_vec2.hpp(67): warning C4201: nonstandard extension used: nameless struct/union
     1>c:\users\nicholas\desktop\mphil project\multifocalstereodisplay\include\glm\detail/type_vec2.hpp(68): warning C4201: nonstandard extension used: nameless struct/union
     1>c:\users\nicholas\desktop\mphil project\multifocalstereodisplay\include\glm\detail/type_vec3.hpp(66): warning C4201: nonstandard extension used: nameless struct/union
         c:\users\nicholas\desktop\mphil project\multifocalstereodisplay\include\glm\detail/type_vec3.hpp(251): note: see reference to class template instantiation 'glm::tvec3<T,P>' being compiled
     1>c:\users\nicholas\desktop\mphil project\multifocalstereodisplay\include\glm\detail/type_vec3.hpp(67): warning C4201: nonstandard extension used: nameless struct/union
     1>c:\users\nicholas\desktop\mphil project\multifocalstereodisplay\include\glm\detail/type_vec3.hpp(68): warning C4201: nonstandard extension used: nameless struct/union
     1>c:\users\nicholas\desktop\mphil project\multifocalstereodisplay\src\RenderScene.h(93): warning C4245: 'initializing': conversion from 'int' to 'GLuint', signed/unsigned mismatch
     1>c:\users\nicholas\desktop\mphil project\multifocalstereodisplay\src\RenderScene.h(108): warning C4245: 'initializing': conversion from 'int' to 'GLuint', signed/unsigned mismatch
     1>c:\users\nicholas\desktop\mphil project\multifocalstereodisplay\src\RenderScene.h(124): warning C4245: 'initializing': conversion from 'int' to 'GLuint', signed/unsigned mismatch
     1>c:\users\nicholas\desktop\mphil project\multifocalstereodisplay\include\gl\freeglut_std.h(637): warning C4505: 'glutInit_ATEXIT_HACK': unreferenced local function has been removed
     1>c:\users\nicholas\desktop\mphil project\multifocalstereodisplay\include\gl\freeglut_std.h(639): warning C4505: 'glutCreateWindow_ATEXIT_HACK': unreferenced local function has been removed
     1>c:\users\nicholas\desktop\mphil project\multifocalstereodisplay\include\gl\freeglut_std.h(641): warning C4505: 'glutCreateMenu_ATEXIT_HACK': unreferenced local function has been removed
         RSShader.cpp
     1>c:\users\nicholas\desktop\mphil project\multifocalstereodisplay\include\glm\detail\type_vec4.hpp(120): warning C4201: nonstandard extension used: nameless struct/union
         c:\users\nicholas\desktop\mphil project\multifocalstereodisplay\include\glm\detail\type_vec4.hpp(350): note: see reference to class template instantiation 'glm::tvec4<T,P>' being compiled
     1>c:\users\nicholas\desktop\mphil project\multifocalstereodisplay\include\glm\detail\type_vec4.hpp(121): warning C4201: nonstandard extension used: nameless struct/union
     1>c:\users\nicholas\desktop\mphil project\multifocalstereodisplay\include\glm\detail\type_vec4.hpp(122): warning C4201: nonstandard extension used: nameless struct/union
     1>c:\users\nicholas\desktop\mphil project\multifocalstereodisplay\include\glm\detail/type_vec2.hpp(66): warning C4201: nonstandard extension used: nameless struct/union
         c:\users\nicholas\desktop\mphil project\multifocalstereodisplay\include\glm\detail/type_vec2.hpp(229): note: see reference to class template instantiation 'glm::tvec2<T,P>' being compiled
     1>c:\users\nicholas\desktop\mphil project\multifocalstereodisplay\include\glm\detail/type_vec2.hpp(67): warning C4201: nonstandard extension used: nameless struct/union
     1>c:\users\nicholas\desktop\mphil project\multifocalstereodisplay\include\glm\detail/type_vec2.hpp(68): warning C4201: nonstandard extension used: nameless struct/union
     1>c:\users\nicholas\desktop\mphil project\multifocalstereodisplay\include\glm\detail/type_vec3.hpp(66): warning C4201: nonstandard extension used: nameless struct/union
         c:\users\nicholas\desktop\mphil project\multifocalstereodisplay\include\glm\detail/type_vec3.hpp(251): note: see reference to class template instantiation 'glm::tvec3<T,P>' being compiled
     1>c:\users\nicholas\desktop\mphil project\multifocalstereodisplay\include\glm\detail/type_vec3.hpp(67): warning C4201: nonstandard extension used: nameless struct/union
     1>c:\users\nicholas\desktop\mphil project\multifocalstereodisplay\include\glm\detail/type_vec3.hpp(68): warning C4201: nonstandard extension used: nameless struct/union
     1>c:\users\nicholas\desktop\mphil project\multifocalstereodisplay\src\RenderScene.h(93): warning C4245: 'initializing': conversion from 'int' to 'GLuint', signed/unsigned mismatch
     1>c:\users\nicholas\desktop\mphil project\multifocalstereodisplay\src\RenderScene.h(108): warning C4245: 'initializing': conversion from 'int' to 'GLuint', signed/unsigned mismatch
     1>c:\users\nicholas\desktop\mphil project\multifocalstereodisplay\src\RenderScene.h(124): warning C4245: 'initializing': conversion from 'int' to 'GLuint', signed/unsigned mismatch
     1>..\src\RSShader.cpp(320): warning C4244: 'initializing': conversion from 'std::streamoff' to 'unsigned int', possible loss of data
     1>c:\users\nicholas\desktop\mphil project\multifocalstereodisplay\include\gl\freeglut_std.h(637): warning C4505: 'glutInit_ATEXIT_HACK': unreferenced local function has been removed
     1>c:\users\nicholas\desktop\mphil project\multifocalstereodisplay\include\gl\freeglut_std.h(639): warning C4505: 'glutCreateWindow_ATEXIT_HACK': unreferenced local function has been removed
     1>c:\users\nicholas\desktop\mphil project\multifocalstereodisplay\include\gl\freeglut_std.h(641): warning C4505: 'glutCreateMenu_ATEXIT_HACK': unreferenced local function has been removed
         RSTexture.cpp
     1>c:\users\nicholas\desktop\mphil project\multifocalstereodisplay\include\glm\detail\type_vec4.hpp(120): warning C4201: nonstandard extension used: nameless struct/union
         c:\users\nicholas\desktop\mphil project\multifocalstereodisplay\include\glm\detail\type_vec4.hpp(350): note: see reference to class template instantiation 'glm::tvec4<T,P>' being compiled
     1>c:\users\nicholas\desktop\mphil project\multifocalstereodisplay\include\glm\detail\type_vec4.hpp(121): warning C4201: nonstandard extension used: nameless struct/union
     1>c:\users\nicholas\desktop\mphil project\multifocalstereodisplay\include\glm\detail\type_vec4.hpp(122): warning C4201: nonstandard extension used: nameless struct/union
     1>c:\users\nicholas\desktop\mphil project\multifocalstereodisplay\include\glm\detail/type_vec2.hpp(66): warning C4201: nonstandard extension used: nameless struct/union
         c:\users\nicholas\desktop\mphil project\multifocalstereodisplay\include\glm\detail/type_vec2.hpp(229): note: see reference to class template instantiation 'glm::tvec2<T,P>' being compiled
     1>c:\users\nicholas\desktop\mphil project\multifocalstereodisplay\include\glm\detail/type_vec2.hpp(67): warning C4201: nonstandard extension used: nameless struct/union
     1>c:\users\nicholas\desktop\mphil project\multifocalstereodisplay\include\glm\detail/type_vec2.hpp(68): warning C4201: nonstandard extension used: nameless struct/union
     1>c:\users\nicholas\desktop\mphil project\multifocalstereodisplay\include\glm\detail/type_vec3.hpp(66): warning C4201: nonstandard extension used: nameless struct/union
         c:\users\nicholas\desktop\mphil project\multifocalstereodisplay\include\glm\detail/type_vec3.hpp(251): note: see reference to class template instantiation 'glm::tvec3<T,P>' being compiled
     1>c:\users\nicholas\desktop\mphil project\multifocalstereodisplay\include\glm\detail/type_vec3.hpp(67): warning C4201: nonstandard extension used: nameless struct/union
     1>c:\users\nicholas\desktop\mphil project\multifocalstereodisplay\include\glm\detail/type_vec3.hpp(68): warning C4201: nonstandard extension used: nameless struct/union
     1>c:\users\nicholas\desktop\mphil project\multifocalstereodisplay\src\RenderScene.h(93): warning C4245: 'initializing': conversion from 'int' to 'GLuint', signed/unsigned mismatch
     1>c:\users\nicholas\desktop\mphil project\multifocalstereodisplay\src\RenderScene.h(108): warning C4245: 'initializing': conversion from 'int' to 'GLuint', signed/unsigned mismatch
     1>c:\users\nicholas\desktop\mphil project\multifocalstereodisplay\src\RenderScene.h(124): warning C4245: 'initializing': conversion from 'int' to 'GLuint', signed/unsigned mismatch
     1>C:\Users\Nicholas\Desktop\MPhil Project\MultiFocalStereoDisplay\include\stb_image.h(4965): warning C4244: 'initializing': conversion from 'int' to 'stbi__uint16', possible loss of data
     1>C:\Users\Nicholas\Desktop\MPhil Project\MultiFocalStereoDisplay\include\stb_image.h(4972): warning C4244: '=': conversion from 'int' to 'stbi_uc', possible loss of data
     1>C:\Users\Nicholas\Desktop\MPhil Project\MultiFocalStereoDisplay\include\stb_image.h(4973): warning C4244: '=': conversion from 'int' to 'stbi_uc', possible loss of data
     1>C:\Users\Nicholas\Desktop\MPhil Project\MultiFocalStereoDisplay\include\stb_image.h(4974): warning C4244: '=': conversion from 'int' to 'stbi_uc', possible loss of data
     1>c:\users\nicholas\desktop\mphil project\multifocalstereodisplay\include\gl\freeglut_std.h(637): warning C4505: 'glutInit_ATEXIT_HACK': unreferenced local function has been removed
     1>c:\users\nicholas\desktop\mphil project\multifocalstereodisplay\include\gl\freeglut_std.h(639): warning C4505: 'glutCreateWindow_ATEXIT_HACK': unreferenced local function has been removed
     1>c:\users\nicholas\desktop\mphil project\multifocalstereodisplay\include\gl\freeglut_std.h(641): warning C4505: 'glutCreateMenu_ATEXIT_HACK': unreferenced local function has been removed
         RenderScene.cpp
     1>c:\users\nicholas\desktop\mphil project\multifocalstereodisplay\include\glm\detail\type_vec4.hpp(120): warning C4201: nonstandard extension used: nameless struct/union
         c:\users\nicholas\desktop\mphil project\multifocalstereodisplay\include\glm\detail\type_vec4.hpp(350): note: see reference to class template instantiation 'glm::tvec4<T,P>' being compiled
     1>c:\users\nicholas\desktop\mphil project\multifocalstereodisplay\include\glm\detail\type_vec4.hpp(121): warning C4201: nonstandard extension used: nameless struct/union
     1>c:\users\nicholas\desktop\mphil project\multifocalstereodisplay\include\glm\detail\type_vec4.hpp(122): warning C4201: nonstandard extension used: nameless struct/union
     1>c:\users\nicholas\desktop\mphil project\multifocalstereodisplay\include\glm\detail/type_vec2.hpp(66): warning C4201: nonstandard extension used: nameless struct/union
         c:\users\nicholas\desktop\mphil project\multifocalstereodisplay\include\glm\detail/type_vec2.hpp(229): note: see reference to class template instantiation 'glm::tvec2<T,P>' being compiled
     1>c:\users\nicholas\desktop\mphil project\multifocalstereodisplay\include\glm\detail/type_vec2.hpp(67): warning C4201: nonstandard extension used: nameless struct/union
     1>c:\users\nicholas\desktop\mphil project\multifocalstereodisplay\include\glm\detail/type_vec2.hpp(68): warning C4201: nonstandard extension used: nameless struct/union
     1>c:\users\nicholas\desktop\mphil project\multifocalstereodisplay\include\glm\detail/type_vec3.hpp(66): warning C4201: nonstandard extension used: nameless struct/union
         c:\users\nicholas\desktop\mphil project\multifocalstereodisplay\include\glm\detail/type_vec3.hpp(251): note: see reference to class template instantiation 'glm::tvec3<T,P>' being compiled
     1>c:\users\nicholas\desktop\mphil project\multifocalstereodisplay\include\glm\detail/type_vec3.hpp(67): warning C4201: nonstandard extension used: nameless struct/union
     1>c:\users\nicholas\desktop\mphil project\multifocalstereodisplay\include\glm\detail/type_vec3.hpp(68): warning C4201: nonstandard extension used: nameless struct/union
     1>c:\users\nicholas\desktop\mphil project\multifocalstereodisplay\src\RenderScene.h(93): warning C4245: 'initializing': conversion from 'int' to 'GLuint', signed/unsigned mismatch
     1>c:\users\nicholas\desktop\mphil project\multifocalstereodisplay\src\RenderScene.h(108): warning C4245: 'initializing': conversion from 'int' to 'GLuint', signed/unsigned mismatch
     1>c:\users\nicholas\desktop\mphil project\multifocalstereodisplay\src\RenderScene.h(124): warning C4245: 'initializing': conversion from 'int' to 'GLuint', signed/unsigned mismatch
     1>..\src\RenderScene.cpp(204): warning C4305: 'argument': truncation from 'double' to 'GLclampf'
     1>..\src\RenderScene.cpp(265): warning C4305: 'argument': truncation from 'double' to 'GLclampf'
     1>c:\users\nicholas\desktop\mphil project\multifocalstereodisplay\include\gl\freeglut_std.h(637): warning C4505: 'glutInit_ATEXIT_HACK': unreferenced local function has been removed
     1>c:\users\nicholas\desktop\mphil project\multifocalstereodisplay\include\gl\freeglut_std.h(639): warning C4505: 'glutCreateWindow_ATEXIT_HACK': unreferenced local function has been removed
     1>c:\users\nicholas\desktop\mphil project\multifocalstereodisplay\include\gl\freeglut_std.h(641): warning C4505: 'glutCreateMenu_ATEXIT_HACK': unreferenced local function has been removed
         main.cpp
     1>c:\users\nicholas\desktop\mphil project\multifocalstereodisplay\include\glm\detail\type_vec4.hpp(120): warning C4201: nonstandard extension used: nameless struct/union
         c:\users\nicholas\desktop\mphil project\multifocalstereodisplay\include\glm\detail\type_vec4.hpp(350): note: see reference to class template instantiation 'glm::tvec4<T,P>' being compiled
     1>c:\users\nicholas\desktop\mphil project\multifocalstereodisplay\include\glm\detail\type_vec4.hpp(121): warning C4201: nonstandard extension used: nameless struct/union
     1>c:\users\nicholas\desktop\mphil project\multifocalstereodisplay\include\glm\detail\type_vec4.hpp(122): warning C4201: nonstandard extension used: nameless struct/union
     1>c:\users\nicholas\desktop\mphil project\multifocalstereodisplay\include\glm\detail/type_vec2.hpp(66): warning C4201: nonstandard extension used: nameless struct/union
         c:\users\nicholas\desktop\mphil project\multifocalstereodisplay\include\glm\detail/type_vec2.hpp(229): note: see reference to class template instantiation 'glm::tvec2<T,P>' being compiled
     1>c:\users\nicholas\desktop\mphil project\multifocalstereodisplay\include\glm\detail/type_vec2.hpp(67): warning C4201: nonstandard extension used: nameless struct/union
     1>c:\users\nicholas\desktop\mphil project\multifocalstereodisplay\include\glm\detail/type_vec2.hpp(68): warning C4201: nonstandard extension used: nameless struct/union
     1>c:\users\nicholas\desktop\mphil project\multifocalstereodisplay\include\glm\detail/type_vec3.hpp(66): warning C4201: nonstandard extension used: nameless struct/union
         c:\users\nicholas\desktop\mphil project\multifocalstereodisplay\include\glm\detail/type_vec3.hpp(251): note: see reference to class template instantiation 'glm::tvec3<T,P>' being compiled
     1>c:\users\nicholas\desktop\mphil project\multifocalstereodisplay\include\glm\detail/type_vec3.hpp(67): warning C4201: nonstandard extension used: nameless struct/union
     1>c:\users\nicholas\desktop\mphil project\multifocalstereodisplay\include\glm\detail/type_vec3.hpp(68): warning C4201: nonstandard extension used: nameless struct/union
     1>c:\users\nicholas\desktop\mphil project\multifocalstereodisplay\src\RenderScene.h(93): warning C4245: 'initializing': conversion from 'int' to 'GLuint', signed/unsigned mismatch
     1>c:\users\nicholas\desktop\mphil project\multifocalstereodisplay\src\RenderScene.h(108): warning C4245: 'initializing': conversion from 'int' to 'GLuint', signed/unsigned mismatch
     1>c:\users\nicholas\desktop\mphil project\multifocalstereodisplay\src\RenderScene.h(124): warning C4245: 'initializing': conversion from 'int' to 'GLuint', signed/unsigned mismatch
     1>c:\users\nicholas\desktop\mphil project\multifocalstereodisplay\include\gl\freeglut_std.h(641): warning C4505: 'glutCreateMenu_ATEXIT_HACK': unreferenced local function has been removed
         Generating Code...
       Link:
         C:\Program Files (x86)\Microsoft Visual Studio 14.0\VC\bin\link.exe /ERRORREPORT:PROMPT /OUT:"..\output\MultiFocalDisplay.exe" /INCREMENTAL:NO /NOLOGO /LIBPATH:"..\lib\glew-1.13.0\lib" /LIBPATH:"..\lib\assimp-3.1.1\lib" /LIBPATH:"..\lib\freeglut-3.0.0\lib" /LIBPATH:"..\lib\glfw-3.1.2\lib" /LIBPATH:..\lib freeglut.lib glew32.lib opengl32.lib assimp.lib kernel32.lib user32.lib gdi32.lib winspool.lib comdlg32.lib advapi32.lib shell32.lib ole32.lib oleaut32.lib uuid.lib odbc32.lib odbccp32.lib /MANIFEST /MANIFESTUAC:"level='asInvoker' uiAccess='false'" /manifest:embed /PDB:"..\output\MultiFocalDisplay.pdb" /SUBSYSTEM:CONSOLE /OPT:REF /OPT:ICF /TLBID:1 /ENTRY:"mainCRTStartup" /DYNAMICBASE /NXCOMPAT /IMPLIB:"..\output\MultiFocalDisplay.lib" /MACHINE:X86 /SAFESEH ..\output\obj\Release\RSCamera.obj
         ..\output\obj\Release\RSFrameBufferObjects.obj
         ..\output\obj\Release\RSMesh.obj
         ..\output\obj\Release\RSScreenLayout.obj
         ..\output\obj\Release\RSShader.obj
         ..\output\obj\Release\RSTexture.obj
         ..\output\obj\Release\RenderScene.obj
         ..\output\obj\Release\main.obj
     1>RSMesh.obj : error LNK2019: unresolved external symbol _aiImportFile referenced in function "public: void __thiscall AIMesh::Initialise(class std::basic_string<char,struct std::char_traits<char>,class std::allocator<char> > &)" (?Initialise@AIMesh@@QAEXAAV?$basic_string@DU?$char_traits@D@std@@V?$allocator@D@2@@std@@@Z)
     1>RSMesh.obj : error LNK2019: unresolved external symbol _aiReleaseImport referenced in function "public: void __thiscall AIMesh::Initialise(class std::basic_string<char,struct std::char_traits<char>,class std::allocator<char> > &)" (?Initialise@AIMesh@@QAEXAAV?$basic_string@DU?$char_traits@D@std@@V?$allocator@D@2@@std@@@Z)
     1>..\output\MultiFocalDisplay.exe : fatal error LNK1120: 2 unresolved externals
     1>Done Building Project "C:\Users\Nicholas\Desktop\MPhil Project\MultiFocalStereoDisplay\WindowsBuild\MultiFocalDisplay.vcxproj" (Build target(s)) -- FAILED.

Build FAILED.

Time Elapsed 00:00:06.96
